189778603888877054404631227036609563037756722999909486720960
238603524165063283850351894904644750702434502441412824071631
827660928823092203692621953728901638033924237259091686290934
516811722261198776836250307748024961806947808319925601193192
346046828937094975777901778804041121803061651011778394044694
668040228173122018136734697212502725957372402508017167408852
822911686830689338641274082548130824136774417834622214114027
278809147024757700689775554644580067864045881577727904348537
218479851881609667297635031145927344940629938260470803749543
714451024198367410186602434551518173963578071399251661239250
120145838105457329719154145624919920450727081507788595628223
114164822814171234916872961287453287783271091240302754234777
264245445462372365907552659813026263255191457724497370420507
503251362427458120255613659344950066891882645440634919497645
382214315164673204609761619437706550298082501408842989666524
495740275110384866043183339285702252155363494632457863280007
241774089582373810018918683883021602094279262975475813237405
152784281971346318766589526428329428026085840123560028262792
114051965510135175941646747226620028597027707125382215191086
579834354214415950492613327733703488017069295468213650139008
890159179328511219335293186342169718027735846269019401277137
977933666006605496483673498836561464063237486570040728391925
142176939298771573257789142380996499381540206013496068837719
879538608816992874385724442585675635230046062585643685564678
435949071345064418189478658564018674746754698495774924840617
935742107964609868884973947580772260968470382942496264496945
666169372494889005738100109053884761688224421443267201137874
185021692476327475529539485666317399635805769622780272800392
043554548267921671180630119422315156782501852746650268651136
813998576414897097525666441665712077933325936219215892343085
140331459884653858979991299890448125000603069273332016780631
256868283413970798477671689221307572281224022399834871034419
029825138218239909062586409617067719318966545654387121233891
809365035470284652135036422285378228658435670641229016296236
066312755478311339959085992267725315125543278661836061649881
965781797814697534381189468927643159127007357362042957663520
176614591132802935502632835943723053060761984032421634289560
387657464246778833351622326896651791723287013163784975505183
017465320718457821741597819099979491653894387442789758620344
540610536559879892939081347232185817835267987749255059305242
881374669063019449169685021143719263003492975514256805897157
825924953432091666534946716836101528263150024368964875289907
593394691938212661226756957283625726398703443681185736799574
140145191707112444530158313607120155802024182545187905800501
679711242616311485790279676942772815381152233129130067841187
077185874399832770311318518547667268233517443652364525160957
091897378688060356214983031275632571481700678594037505113915
715021665161392717357125275516325566564988887917321889517715
562023807548718515920716339175889203192397577635833768929314
855799363745889289273804490013741553385103220985736617889959
057804512332279773894034166838645380644569470376928527904056
811708033052094832872283129926407387861999600641060004924661
016914470868824845270213331004145118131000318257217924608183
025244458811336604207726379303073036957422779381267928781136
135899422369286553536911395235878537550384518555788666290597
432192382369462591066276447511362028517356078717204200455205
021728585460345824205695650680721301842388401351852978615499
726609545786662071821905253481461712584389010587697284709174
212332637443948389275059784231390940101893413090644660281913
964932136781413615723375678916272326945868459524746716197380
399379644279245742231977462850144666885880499851874660055023
177236718262076185094719263553629219109019258626437760538233
048696101578878547446390233160465679557292923044733578170273
539309796663111670015415841406493893468057337136174133130915
610692572876120283535828118306883634283969504613875110887351
277967067802680326402458836977001930541141916245749963765058
496292812449845529873114173118665039182486075070247724768573
426484618072881213585092917318263606527737631980126840472366
493862458926788948371574251874176851889847443643931446096210
102067696052721795918367389822647020672372358371941579234149
205336048025679779389416496675306867225909348389895126497333
635013869515856097544133386870342040068865422208151756534701
711487424301946350779883725104944581418107118690938067395014
242733489151366371000475583387713380558169405061779775618845
565730361120372448690801009479969418673843898443737859989231
321044669701019528495170686304268689849559606692233496039734
792415006727211419255000663679970326342920621732822391640437
501578973414586980849570135118935835283304853828501201347039
838937248827306484156640917636295629997221759651456611005781
415941967107030775136547507211485413582363955826462312127341
967100833019072572616638126400465457431637167814276190574334
256887270476344313464164000870635389788501621955738248173684
231175504080911219819976048537752617902926456918511628736425
5816104875088927563
So xoa : 9
18977860888877054404631227036609563037756722999909486720960
238603524165063283850351894904644750702434502441412824071631
827660928823092203692621953728901638033924237259091686290934
516811722261198776836250307748024961806947808319925601193192
346046828937094975777901778804041121803061651011778394044694
668040228173122018136734697212502725957372402508017167408852
822911686830689338641274082548130824136774417834622214114027
278809147024757700689775554644580067864045881577727904348537
218479851881609667297635031145927344940629938260470803749543
714451024198367410186602434551518173963578071399251661239250
120145838105457329719154145624919920450727081507788595628223
114164822814171234916872961287453287783271091240302754234777
264245445462372365907552659813026263255191457724497370420507
503251362427458120255613659344950066891882645440634919497645
382214315164673204609761619437706550298082501408842989666524
495740275110384866043183339285702252155363494632457863280007
241774089582373810018918683883021602094279262975475813237405
152784281971346318766589526428329428026085840123560028262792
114051965510135175941646747226620028597027707125382215191086
579834354214415950492613327733703488017069295468213650139008
890159179328511219335293186342169718027735846269019401277137
977933666006605496483673498836561464063237486570040728391925
142176939298771573257789142380996499381540206013496068837719
879538608816992874385724442585675635230046062585643685564678
435949071345064418189478658564018674746754698495774924840617
935742107964609868884973947580772260968470382942496264496945
666169372494889005738100109053884761688224421443267201137874
185021692476327475529539485666317399635805769622780272800392
043554548267921671180630119422315156782501852746650268651136
813998576414897097525666441665712077933325936219215892343085
140331459884653858979991299890448125000603069273332016780631
256868283413970798477671689221307572281224022399834871034419
029825138218239909062586409617067719318966545654387121233891
809365035470284652135036422285378228658435670641229016296236
066312755478311339959085992267725315125543278661836061649881
965781797814697534381189468927643159127007357362042957663520
176614591132802935502632835943723053060761984032421634289560
387657464246778833351622326896651791723287013163784975505183
017465320718457821741597819099979491653894387442789758620344
540610536559879892939081347232185817835267987749255059305242
881374669063019449169685021143719263003492975514256805897157
825924953432091666534946716836101528263150024368964875289907
593394691938212661226756957283625726398703443681185736799574
140145191707112444530158313607120155802024182545187905800501
679711242616311485790279676942772815381152233129130067841187
077185874399832770311318518547667268233517443652364525160957
091897378688060356214983031275632571481700678594037505113915
715021665161392717357125275516325566564988887917321889517715
562023807548718515920716339175889203192397577635833768929314
855799363745889289273804490013741553385103220985736617889959
057804512332279773894034166838645380644569470376928527904056
811708033052094832872283129926407387861999600641060004924661
016914470868824845270213331004145118131000318257217924608183
025244458811336604207726379303073036957422779381267928781136
135899422369286553536911395235878537550384518555788666290597
432192382369462591066276447511362028517356078717204200455205
021728585460345824205695650680721301842388401351852978615499
726609545786662071821905253481461712584389010587697284709174
212332637443948389275059784231390940101893413090644660281913
964932136781413615723375678916272326945868459524746716197380
399379644279245742231977462850144666885880499851874660055023
177236718262076185094719263553629219109019258626437760538233
048696101578878547446390233160465679557292923044733578170273
539309796663111670015415841406493893468057337136174133130915
610692572876120283535828118306883634283969504613875110887351
277967067802680326402458836977001930541141916245749963765058
496292812449845529873114173118665039182486075070247724768573
426484618072881213585092917318263606527737631980126840472366
493862458926788948371574251874176851889847443643931446096210
102067696052721795918367389822647020672372358371941579234149
205336048025679779389416496675306867225909348389895126497333
635013869515856097544133386870342040068865422208151756534701
711487424301946350779883725104944581418107118690938067395014
242733489151366371000475583387713380558169405061779775618845
565730361120372448690801009479969418673843898443737859989231
321044669701019528495170686304268689849559606692233496039734
792415006727211419255000663679970326342920621732822391640437
501578973414586980849570135118935835283304853828501201347039
838937248827306484156640917636295629997221759651456611005781
415941967107030775136547507211485413582363955826462312127341
967100833019072572616638126400465457431637167814276190574334
256887270476344313464164000870635389788501621955738248173684
231175504080911219819976048537752617902926456918511628736425
5816104875088927563